<?xml version="1.0" encoding="UTF-8"?>
<testsuite name="testing.MainTest" tests="1" skipped="0" failures="0" errors="0" timestamp="2017-11-12T22:38:06" hostname="Anvym6" time="0.895">
  <properties/>
  <testcase name="validateStudentTest" classname="testing.MainTest" time="0.895"/>
  <system-out><![CDATA[]]></system-out>
  <system-err><![CDATA[]]></system-err>
</testsuite>
